[2025-11-18 21:44:14] [INFO] [STORMDB] Logger initialized (level=DEBUG, env=development)
[2025-11-18 21:44:15] [INFO] [STORMDB] 🚀 FastAPI application starting up...
[2025-11-18 21:44:15] [DEBUG] [STORMDB] Startup checks completed.
[2025-11-19 13:43:22] [INFO] [STORMDB] Logger initialized (level=DEBUG, env=development)
[2025-11-19 13:43:23] [INFO] [STORMDB] 🚀 FastAPI application starting up...
[2025-11-19 13:43:23] [DEBUG] [STORMDB] Startup checks completed.
[2025-11-20 15:23:21] [INFO] [STORMDB] 🛑 FastAPI application shutting down...
[2025-11-20 15:23:21] [INFO] [STORMDB] Database connections closed.
[2025-11-20 15:31:32] [INFO] [STORMDB] Logger initialized (level=DEBUG, env=development)
[2025-11-20 15:31:33] [INFO] [STORMDB] 🚀 FastAPI application starting up...
[2025-11-20 15:31:33] [DEBUG] [STORMDB] Startup checks completed.
[2025-11-22 16:16:29] [INFO] [STORMDB] 🛑 FastAPI application shutting down...
[2025-11-22 16:16:29] [INFO] [STORMDB] Database connections closed.
[2025-11-22 16:16:34] [INFO] [STORMDB] Logger initialized (level=DEBUG, env=development)
[2025-11-22 16:16:35] [INFO] [STORMDB] 🚀 FastAPI application starting up...
[2025-11-22 16:16:35] [DEBUG] [STORMDB] Startup checks completed.
[2025-11-22 16:25:12] [INFO] [STORMDB] 🛑 FastAPI application shutting down...
[2025-11-22 16:25:12] [INFO] [STORMDB] Database connections closed.
[2025-11-22 16:39:16] [INFO] [STORMDB] Logger initialized (level=DEBUG, env=development)
[2025-11-22 16:39:16] [INFO] [STORMDB] 🚀 FastAPI application starting up...
[2025-11-22 16:39:16] [DEBUG] [STORMDB] Startup checks completed.
[2025-11-24 12:19:15] [INFO] [STORMDB] 🛑 FastAPI application shutting down...
[2025-11-24 12:19:15] [INFO] [STORMDB] Database connections closed.
[2025-11-24 12:19:16] [INFO] [STORMDB] Logger initialized (level=DEBUG, env=development)
[2025-11-24 12:19:16] [INFO] [STORMDB] 🚀 FastAPI application starting up...
[2025-11-24 12:19:16] [DEBUG] [STORMDB] Startup checks completed.
[2025-11-24 12:20:57] [INFO] [STORMDB] 🛑 FastAPI application shutting down...
[2025-11-24 12:20:57] [INFO] [STORMDB] Database connections closed.
[2025-11-24 12:23:18] [INFO] [STORMDB] Logger initialized (level=DEBUG, env=development)
[2025-11-24 12:23:18] [INFO] [STORMDB] 🚀 FastAPI application starting up...
[2025-11-24 12:23:18] [DEBUG] [STORMDB] Startup checks completed.
[2025-11-24 12:23:39] [INFO] [STORMDB] 🛑 FastAPI application shutting down...
[2025-11-24 12:23:39] [INFO] [STORMDB] Database connections closed.
[2025-11-24 12:23:41] [INFO] [STORMDB] Logger initialized (level=DEBUG, env=development)
[2025-11-24 12:23:42] [INFO] [STORMDB] 🚀 FastAPI application starting up...
[2025-11-24 12:23:42] [DEBUG] [STORMDB] Startup checks completed.
[2025-11-24 12:25:00] [INFO] [STORMDB] 🛑 FastAPI application shutting down...
[2025-11-24 12:25:00] [INFO] [STORMDB] Database connections closed.
[2025-11-24 12:25:04] [INFO] [STORMDB] Logger initialized (level=DEBUG, env=development)
[2025-11-24 12:25:04] [INFO] [STORMDB] 🚀 FastAPI application starting up...
[2025-11-24 12:25:04] [DEBUG] [STORMDB] Startup checks completed.
